

------------------------------------------------------
2019-07-10 16:08:44.273
 -> System.Data.SqlClient.SqlException (0x80131904): 必须声明标量变量 "@CID"。
必须声明标量变量 "@iClientID"。
   在 System.Data.SqlClient.SqlConnection.OnError(SqlException exception, Boolean breakConnection, Action`1 wrapCloseInAction)
   在 System.Data.SqlClient.SqlInternalConnection.OnError(SqlException exception, Boolean breakConnection, Action`1 wrapCloseInAction)
   在 System.Data.SqlClient.TdsParser.ThrowExceptionAndWarning(TdsParserStateObject stateObj, Boolean callerHasConnectionLock, Boolean asyncClose)
   在 System.Data.SqlClient.TdsParser.TryRun(RunBehavior runBehavior, SqlCommand cmdHandler, SqlDataReader dataStream, BulkCopySimpleResultSet bulkCopyHandler, TdsParserStateObject stateObj, Boolean& dataReady)
   在 System.Data.SqlClient.SqlCommand.RunExecuteNonQueryTds(String methodName, Boolean async, Int32 timeout, Boolean asyncWrite)
   在 System.Data.SqlClient.SqlCommand.InternalExecuteNonQuery(TaskCompletionSource`1 completion, String methodName, Boolean sendToPipe, Int32 timeout, Boolean& usedCache, Boolean asyncWrite, Boolean inRetry)
   在 System.Data.SqlClient.SqlCommand.ExecuteNonQuery()
   在 Dapper.SqlMapper.ExecuteCommand(IDbConnection cnn, CommandDefinition& command, Action`2 paramReader)
   在 Dapper.SqlMapper.ExecuteImpl(IDbConnection cnn, CommandDefinition& command)
   在 Dapper.SqlMapper.Execute(IDbConnection cnn, String sql, Object param, IDbTransaction transaction, Nullable`1 commandTimeout, Nullable`1 commandType)
   在 EHECD.FirePatrolInspection.DAL.DBHelper.Execute(String connString, String sql, Object param, CommandType commandType) 位置 D:\HX\消防系统\lexiao.git\消防巡检\EHECD.FirePatrolInspection.DAL\DBHelper.cs:行号 262
ClientConnectionId:f1d4bf8e-f836-4b0c-a093-aa0b0f134445
Error Number:137,State:2,Class:15


------------------------------------------------------
2019-07-10 16:14:06.298
 -> System.Data.SqlClient.SqlException (0x80131904): 必须声明标量变量 "@CID"。
必须声明标量变量 "@iClientID"。
   在 System.Data.SqlClient.SqlConnection.OnError(SqlException exception, Boolean breakConnection, Action`1 wrapCloseInAction)
   在 System.Data.SqlClient.SqlInternalConnection.OnError(SqlException exception, Boolean breakConnection, Action`1 wrapCloseInAction)
   在 System.Data.SqlClient.TdsParser.ThrowExceptionAndWarning(TdsParserStateObject stateObj, Boolean callerHasConnectionLock, Boolean asyncClose)
   在 System.Data.SqlClient.TdsParser.TryRun(RunBehavior runBehavior, SqlCommand cmdHandler, SqlDataReader dataStream, BulkCopySimpleResultSet bulkCopyHandler, TdsParserStateObject stateObj, Boolean& dataReady)
   在 System.Data.SqlClient.SqlCommand.RunExecuteNonQueryTds(String methodName, Boolean async, Int32 timeout, Boolean asyncWrite)
   在 System.Data.SqlClient.SqlCommand.InternalExecuteNonQuery(TaskCompletionSource`1 completion, String methodName, Boolean sendToPipe, Int32 timeout, Boolean& usedCache, Boolean asyncWrite, Boolean inRetry)
   在 System.Data.SqlClient.SqlCommand.ExecuteNonQuery()
   在 Dapper.SqlMapper.ExecuteCommand(IDbConnection cnn, CommandDefinition& command, Action`2 paramReader)
   在 Dapper.SqlMapper.ExecuteImpl(IDbConnection cnn, CommandDefinition& command)
   在 Dapper.SqlMapper.Execute(IDbConnection cnn, String sql, Object param, IDbTransaction transaction, Nullable`1 commandTimeout, Nullable`1 commandType)
   在 EHECD.FirePatrolInspection.DAL.DBHelper.Execute(String connString, String sql, Object param, CommandType commandType) 位置 D:\HX\消防系统\lexiao.git\消防巡检\EHECD.FirePatrolInspection.DAL\DBHelper.cs:行号 262
ClientConnectionId:eb3cc91a-02b1-4a35-baaf-329dfd7cdd22
Error Number:137,State:2,Class:15


------------------------------------------------------
2019-07-10 16:14:51.160
 -> System.Data.SqlClient.SqlException (0x80131904): 必须声明标量变量 "@CID"。
必须声明标量变量 "@iClientID"。
   在 System.Data.SqlClient.SqlConnection.OnError(SqlException exception, Boolean breakConnection, Action`1 wrapCloseInAction)
   在 System.Data.SqlClient.SqlInternalConnection.OnError(SqlException exception, Boolean breakConnection, Action`1 wrapCloseInAction)
   在 System.Data.SqlClient.TdsParser.ThrowExceptionAndWarning(TdsParserStateObject stateObj, Boolean callerHasConnectionLock, Boolean asyncClose)
   在 System.Data.SqlClient.TdsParser.TryRun(RunBehavior runBehavior, SqlCommand cmdHandler, SqlDataReader dataStream, BulkCopySimpleResultSet bulkCopyHandler, TdsParserStateObject stateObj, Boolean& dataReady)
   在 System.Data.SqlClient.SqlCommand.RunExecuteNonQueryTds(String methodName, Boolean async, Int32 timeout, Boolean asyncWrite)
   在 System.Data.SqlClient.SqlCommand.InternalExecuteNonQuery(TaskCompletionSource`1 completion, String methodName, Boolean sendToPipe, Int32 timeout, Boolean& usedCache, Boolean asyncWrite, Boolean inRetry)
   在 System.Data.SqlClient.SqlCommand.ExecuteNonQuery()
   在 Dapper.SqlMapper.ExecuteCommand(IDbConnection cnn, CommandDefinition& command, Action`2 paramReader)
   在 Dapper.SqlMapper.ExecuteImpl(IDbConnection cnn, CommandDefinition& command)
   在 Dapper.SqlMapper.Execute(IDbConnection cnn, String sql, Object param, IDbTransaction transaction, Nullable`1 commandTimeout, Nullable`1 commandType)
   在 EHECD.FirePatrolInspection.DAL.DBHelper.Execute(String connString, String sql, Object param, CommandType commandType) 位置 D:\HX\消防系统\lexiao.git\消防巡检\EHECD.FirePatrolInspection.DAL\DBHelper.cs:行号 262
ClientConnectionId:eb3cc91a-02b1-4a35-baaf-329dfd7cdd22
Error Number:137,State:2,Class:15


------------------------------------------------------
2019-07-10 16:16:08.972
 -> System.Data.SqlClient.SqlException (0x80131904): 必须声明标量变量 "@CID"。
必须声明标量变量 "@iClientID"。
   在 System.Data.SqlClient.SqlConnection.OnError(SqlException exception, Boolean breakConnection, Action`1 wrapCloseInAction)
   在 System.Data.SqlClient.SqlInternalConnection.OnError(SqlException exception, Boolean breakConnection, Action`1 wrapCloseInAction)
   在 System.Data.SqlClient.TdsParser.ThrowExceptionAndWarning(TdsParserStateObject stateObj, Boolean callerHasConnectionLock, Boolean asyncClose)
   在 System.Data.SqlClient.TdsParser.TryRun(RunBehavior runBehavior, SqlCommand cmdHandler, SqlDataReader dataStream, BulkCopySimpleResultSet bulkCopyHandler, TdsParserStateObject stateObj, Boolean& dataReady)
   在 System.Data.SqlClient.SqlCommand.RunExecuteNonQueryTds(String methodName, Boolean async, Int32 timeout, Boolean asyncWrite)
   在 System.Data.SqlClient.SqlCommand.InternalExecuteNonQuery(TaskCompletionSource`1 completion, String methodName, Boolean sendToPipe, Int32 timeout, Boolean& usedCache, Boolean asyncWrite, Boolean inRetry)
   在 System.Data.SqlClient.SqlCommand.ExecuteNonQuery()
   在 Dapper.SqlMapper.ExecuteCommand(IDbConnection cnn, CommandDefinition& command, Action`2 paramReader)
   在 Dapper.SqlMapper.ExecuteImpl(IDbConnection cnn, CommandDefinition& command)
   在 Dapper.SqlMapper.Execute(IDbConnection cnn, String sql, Object param, IDbTransaction transaction, Nullable`1 commandTimeout, Nullable`1 commandType)
   在 EHECD.FirePatrolInspection.DAL.DBHelper.Execute(String connString, String sql, Object param, CommandType commandType) 位置 D:\HX\消防系统\lexiao.git\消防巡检\EHECD.FirePatrolInspection.DAL\DBHelper.cs:行号 262
ClientConnectionId:4b72fbae-9543-41f4-b539-69e45ebe6197
Error Number:137,State:2,Class:15


------------------------------------------------------
2019-07-10 16:16:22.277
 -> System.Data.SqlClient.SqlException (0x80131904): 必须声明标量变量 "@CID"。
必须声明标量变量 "@iClientID"。
   在 System.Data.SqlClient.SqlConnection.OnError(SqlException exception, Boolean breakConnection, Action`1 wrapCloseInAction)
   在 System.Data.SqlClient.SqlInternalConnection.OnError(SqlException exception, Boolean breakConnection, Action`1 wrapCloseInAction)
   在 System.Data.SqlClient.TdsParser.ThrowExceptionAndWarning(TdsParserStateObject stateObj, Boolean callerHasConnectionLock, Boolean asyncClose)
   在 System.Data.SqlClient.TdsParser.TryRun(RunBehavior runBehavior, SqlCommand cmdHandler, SqlDataReader dataStream, BulkCopySimpleResultSet bulkCopyHandler, TdsParserStateObject stateObj, Boolean& dataReady)
   在 System.Data.SqlClient.SqlCommand.RunExecuteNonQueryTds(String methodName, Boolean async, Int32 timeout, Boolean asyncWrite)
   在 System.Data.SqlClient.SqlCommand.InternalExecuteNonQuery(TaskCompletionSource`1 completion, String methodName, Boolean sendToPipe, Int32 timeout, Boolean& usedCache, Boolean asyncWrite, Boolean inRetry)
   在 System.Data.SqlClient.SqlCommand.ExecuteNonQuery()
   在 Dapper.SqlMapper.ExecuteCommand(IDbConnection cnn, CommandDefinition& command, Action`2 paramReader)
   在 Dapper.SqlMapper.ExecuteImpl(IDbConnection cnn, CommandDefinition& command)
   在 Dapper.SqlMapper.Execute(IDbConnection cnn, String sql, Object param, IDbTransaction transaction, Nullable`1 commandTimeout, Nullable`1 commandType)
   在 EHECD.FirePatrolInspection.DAL.DBHelper.Execute(String connString, String sql, Object param, CommandType commandType) 位置 D:\HX\消防系统\lexiao.git\消防巡检\EHECD.FirePatrolInspection.DAL\DBHelper.cs:行号 262
ClientConnectionId:4b72fbae-9543-41f4-b539-69e45ebe6197
Error Number:137,State:2,Class:15
