

------------------------------------------------------
2019-07-18 14:50:24.341
 -> System.Xml.XPath.XPathException: 表达式的计算结果必须为节点集。
   在 MS.Internal.Xml.XPath.XPathParser.ParseNodeTest(AstNode qyInput, AxisType axisType, XPathNodeType nodeType)
   在 MS.Internal.Xml.XPath.XPathParser.ParseStep(AstNode qyInput)
   在 MS.Internal.Xml.XPath.XPathParser.ParseRelativeLocationPath(AstNode qyInput)
   在 MS.Internal.Xml.XPath.XPathParser.ParseLocationPath(AstNode qyInput)
   在 MS.Internal.Xml.XPath.XPathParser.ParsePathExpr(AstNode qyInput)
   在 MS.Internal.Xml.XPath.XPathParser.ParseUnionExpr(AstNode qyInput)
   在 MS.Internal.Xml.XPath.XPathParser.ParseUnaryExpr(AstNode qyInput)
   在 MS.Internal.Xml.XPath.XPathParser.ParseMultiplicativeExpr(AstNode qyInput)
   在 MS.Internal.Xml.XPath.XPathParser.ParseAdditiveExpr(AstNode qyInput)
   在 MS.Internal.Xml.XPath.XPathParser.ParseRelationalExpr(AstNode qyInput)
   在 MS.Internal.Xml.XPath.XPathParser.ParseEqualityExpr(AstNode qyInput)
   在 MS.Internal.Xml.XPath.XPathParser.ParseAndExpr(AstNode qyInput)
   在 MS.Internal.Xml.XPath.XPathParser.ParseOrExpr(AstNode qyInput)
   在 MS.Internal.Xml.XPath.XPathParser.ParseExpresion(AstNode qyInput)
   在 MS.Internal.Xml.XPath.XPathParser.ParseXPathExpresion(String xpathExpresion)
   在 System.Xml.XPath.XPathExpression.Compile(String xpath, IXmlNamespaceResolver nsResolver)
   在 System.Xml.XPath.XPathNavigator.Select(String xpath)
   在 System.Xml.XmlNode.SelectNodes(String xpath)
   在 Aliyun.Acs.Core.Reader.XmlReader.Read(XmlNode element, String path, Boolean appendPath)
   在 Aliyun.Acs.Core.Reader.XmlReader.Read(XmlNode element, String path, Boolean appendPath)
   在 Aliyun.Acs.Core.Reader.XmlReader.Read(String xml, String endpoint)
   在 Aliyun.Acs.Core.DefaultAcsClient.ReadError[T](AcsRequest`1 request, HttpResponse httpResponse, Nullable`1 format)
   在 Aliyun.Acs.Core.DefaultAcsClient.ParseAcsResponse[T](AcsRequest`1 request, HttpResponse httpResponse)
   在 Aliyun.Acs.Core.DefaultAcsClient.GetAcsResponse[T](AcsRequest`1 request)
   在 EHECD.FirePatrolInspection.Service.AliSmsService.SendPhoneMsg(String sPhone, String sTemplateCode, String sJson) 位置 D:\HX\消防系统\lexiao.git\消防巡检\EHECD.FirePatrolInspection.Service\AliSmsService.cs:行号 241


------------------------------------------------------
2019-07-18 14:55:19.464
 -> System.Xml.XPath.XPathException: 表达式的计算结果必须为节点集。
   在 MS.Internal.Xml.XPath.XPathParser.ParseNodeTest(AstNode qyInput, AxisType axisType, XPathNodeType nodeType)
   在 MS.Internal.Xml.XPath.XPathParser.ParseStep(AstNode qyInput)
   在 MS.Internal.Xml.XPath.XPathParser.ParseRelativeLocationPath(AstNode qyInput)
   在 MS.Internal.Xml.XPath.XPathParser.ParseLocationPath(AstNode qyInput)
   在 MS.Internal.Xml.XPath.XPathParser.ParsePathExpr(AstNode qyInput)
   在 MS.Internal.Xml.XPath.XPathParser.ParseUnionExpr(AstNode qyInput)
   在 MS.Internal.Xml.XPath.XPathParser.ParseUnaryExpr(AstNode qyInput)
   在 MS.Internal.Xml.XPath.XPathParser.ParseMultiplicativeExpr(AstNode qyInput)
   在 MS.Internal.Xml.XPath.XPathParser.ParseAdditiveExpr(AstNode qyInput)
   在 MS.Internal.Xml.XPath.XPathParser.ParseRelationalExpr(AstNode qyInput)
   在 MS.Internal.Xml.XPath.XPathParser.ParseEqualityExpr(AstNode qyInput)
   在 MS.Internal.Xml.XPath.XPathParser.ParseAndExpr(AstNode qyInput)
   在 MS.Internal.Xml.XPath.XPathParser.ParseOrExpr(AstNode qyInput)
   在 MS.Internal.Xml.XPath.XPathParser.ParseExpresion(AstNode qyInput)
   在 MS.Internal.Xml.XPath.XPathParser.ParseXPathExpresion(String xpathExpresion)
   在 System.Xml.XPath.XPathExpression.Compile(String xpath, IXmlNamespaceResolver nsResolver)
   在 System.Xml.XPath.XPathNavigator.Select(String xpath)
   在 System.Xml.XmlNode.SelectNodes(String xpath)
   在 Aliyun.Acs.Core.Reader.XmlReader.Read(XmlNode element, String path, Boolean appendPath)
   在 Aliyun.Acs.Core.Reader.XmlReader.Read(XmlNode element, String path, Boolean appendPath)
   在 Aliyun.Acs.Core.Reader.XmlReader.Read(String xml, String endpoint)
   在 Aliyun.Acs.Core.DefaultAcsClient.ReadError[T](AcsRequest`1 request, HttpResponse httpResponse, Nullable`1 format)
   在 Aliyun.Acs.Core.DefaultAcsClient.ParseAcsResponse[T](AcsRequest`1 request, HttpResponse httpResponse)
   在 Aliyun.Acs.Core.DefaultAcsClient.GetAcsResponse[T](AcsRequest`1 request)
   在 EHECD.FirePatrolInspection.Service.AliSmsService.SendPhoneMsg(String sPhone, String sTemplateCode, String sJson) 位置 D:\HX\消防系统\lexiao.git\消防巡检\EHECD.FirePatrolInspection.Service\AliSmsService.cs:行号 241


------------------------------------------------------
2019-07-18 14:56:44.608
 -> System.Xml.XPath.XPathException: 表达式的计算结果必须为节点集。
   在 MS.Internal.Xml.XPath.XPathParser.ParseNodeTest(AstNode qyInput, AxisType axisType, XPathNodeType nodeType)
   在 MS.Internal.Xml.XPath.XPathParser.ParseStep(AstNode qyInput)
   在 MS.Internal.Xml.XPath.XPathParser.ParseRelativeLocationPath(AstNode qyInput)
   在 MS.Internal.Xml.XPath.XPathParser.ParseLocationPath(AstNode qyInput)
   在 MS.Internal.Xml.XPath.XPathParser.ParsePathExpr(AstNode qyInput)
   在 MS.Internal.Xml.XPath.XPathParser.ParseUnionExpr(AstNode qyInput)
   在 MS.Internal.Xml.XPath.XPathParser.ParseUnaryExpr(AstNode qyInput)
   在 MS.Internal.Xml.XPath.XPathParser.ParseMultiplicativeExpr(AstNode qyInput)
   在 MS.Internal.Xml.XPath.XPathParser.ParseAdditiveExpr(AstNode qyInput)
   在 MS.Internal.Xml.XPath.XPathParser.ParseRelationalExpr(AstNode qyInput)
   在 MS.Internal.Xml.XPath.XPathParser.ParseEqualityExpr(AstNode qyInput)
   在 MS.Internal.Xml.XPath.XPathParser.ParseAndExpr(AstNode qyInput)
   在 MS.Internal.Xml.XPath.XPathParser.ParseOrExpr(AstNode qyInput)
   在 MS.Internal.Xml.XPath.XPathParser.ParseExpresion(AstNode qyInput)
   在 MS.Internal.Xml.XPath.XPathParser.ParseXPathExpresion(String xpathExpresion)
   在 System.Xml.XPath.XPathExpression.Compile(String xpath, IXmlNamespaceResolver nsResolver)
   在 System.Xml.XPath.XPathNavigator.Select(String xpath)
   在 System.Xml.XmlNode.SelectNodes(String xpath)
   在 Aliyun.Acs.Core.Reader.XmlReader.Read(XmlNode element, String path, Boolean appendPath)
   在 Aliyun.Acs.Core.Reader.XmlReader.Read(XmlNode element, String path, Boolean appendPath)
   在 Aliyun.Acs.Core.Reader.XmlReader.Read(String xml, String endpoint)
   在 Aliyun.Acs.Core.DefaultAcsClient.ReadError[T](AcsRequest`1 request, HttpResponse httpResponse, Nullable`1 format)
   在 Aliyun.Acs.Core.DefaultAcsClient.ParseAcsResponse[T](AcsRequest`1 request, HttpResponse httpResponse)
   在 Aliyun.Acs.Core.DefaultAcsClient.GetAcsResponse[T](AcsRequest`1 request)
   在 EHECD.FirePatrolInspection.Service.AliSmsService.SendPhoneMsg(String sPhone, String sTemplateCode, String sJson) 位置 D:\HX\消防系统\lexiao.git\消防巡检\EHECD.FirePatrolInspection.Service\AliSmsService.cs:行号 241


------------------------------------------------------
2019-07-18 14:57:51.768
 -> System.Xml.XPath.XPathException: 表达式的计算结果必须为节点集。
   在 MS.Internal.Xml.XPath.XPathParser.ParseNodeTest(AstNode qyInput, AxisType axisType, XPathNodeType nodeType)
   在 MS.Internal.Xml.XPath.XPathParser.ParseStep(AstNode qyInput)
   在 MS.Internal.Xml.XPath.XPathParser.ParseRelativeLocationPath(AstNode qyInput)
   在 MS.Internal.Xml.XPath.XPathParser.ParseLocationPath(AstNode qyInput)
   在 MS.Internal.Xml.XPath.XPathParser.ParsePathExpr(AstNode qyInput)
   在 MS.Internal.Xml.XPath.XPathParser.ParseUnionExpr(AstNode qyInput)
   在 MS.Internal.Xml.XPath.XPathParser.ParseUnaryExpr(AstNode qyInput)
   在 MS.Internal.Xml.XPath.XPathParser.ParseMultiplicativeExpr(AstNode qyInput)
   在 MS.Internal.Xml.XPath.XPathParser.ParseAdditiveExpr(AstNode qyInput)
   在 MS.Internal.Xml.XPath.XPathParser.ParseRelationalExpr(AstNode qyInput)
   在 MS.Internal.Xml.XPath.XPathParser.ParseEqualityExpr(AstNode qyInput)
   在 MS.Internal.Xml.XPath.XPathParser.ParseAndExpr(AstNode qyInput)
   在 MS.Internal.Xml.XPath.XPathParser.ParseOrExpr(AstNode qyInput)
   在 MS.Internal.Xml.XPath.XPathParser.ParseExpresion(AstNode qyInput)
   在 MS.Internal.Xml.XPath.XPathParser.ParseXPathExpresion(String xpathExpresion)
   在 System.Xml.XPath.XPathExpression.Compile(String xpath, IXmlNamespaceResolver nsResolver)
   在 System.Xml.XPath.XPathNavigator.Select(String xpath)
   在 System.Xml.XmlNode.SelectNodes(String xpath)
   在 Aliyun.Acs.Core.Reader.XmlReader.Read(XmlNode element, String path, Boolean appendPath)
   在 Aliyun.Acs.Core.Reader.XmlReader.Read(XmlNode element, String path, Boolean appendPath)
   在 Aliyun.Acs.Core.Reader.XmlReader.Read(String xml, String endpoint)
   在 Aliyun.Acs.Core.DefaultAcsClient.ReadError[T](AcsRequest`1 request, HttpResponse httpResponse, Nullable`1 format)
   在 Aliyun.Acs.Core.DefaultAcsClient.ParseAcsResponse[T](AcsRequest`1 request, HttpResponse httpResponse)
   在 Aliyun.Acs.Core.DefaultAcsClient.GetAcsResponse[T](AcsRequest`1 request)
   在 EHECD.FirePatrolInspection.Service.AliSmsService.SendPhoneMsg(String sPhone, String sTemplateCode, String sJson) 位置 D:\HX\消防系统\lexiao.git\消防巡检\EHECD.FirePatrolInspection.Service\AliSmsService.cs:行号 241
