

------------------------------------------------------
2019-04-23 09:57:18.309
 -> System.NullReferenceException: 未将对象引用设置到对象的实例。
   在 Aliyun.Acs.Core.Http.HttpResponse.ReadContent(HttpResponse response, HttpWebResponse rsp)
   在 Aliyun.Acs.Core.Http.HttpResponse.PasrseHttpResponse(HttpResponse httpResponse, HttpWebResponse httpWebResponse)
   在 Aliyun.Acs.Core.Http.HttpResponse.GetResponse(HttpRequest request)
   在 Aliyun.Acs.Core.DefaultAcsClient.DoAction[T](AcsRequest`1 request, Boolean autoRetry, Int32 maxRetryNumber, String regionId, Credential credential, ISigner signer, Nullable`1 format, List`1 endpoints)
   在 Aliyun.Acs.Core.DefaultAcsClient.DoAction[T](AcsRequest`1 request, Boolean autoRetry, Int32 maxRetryNumber, IClientProfile profile)
   在 Aliyun.Acs.Core.DefaultAcsClient.DoAction[T](AcsRequest`1 request)
   在 Aliyun.Acs.Core.DefaultAcsClient.GetAcsResponse[T](AcsRequest`1 request)
   在 EHECD.FirePatrolInspection.Service.AliSmsService.SendPhoneMsg(String sPhone, String sTemplateCode, String sJson) 位置 D:\Work\消防巡检\EHECD.FirePatrolInspection.Service\AliSmsService.cs:行号 114


------------------------------------------------------
2019-04-23 13:37:33.163
 -> 导入完成，失败「0」条，详细信息：



------------------------------------------------------
2019-04-23 13:37:45.968
 -> 导入完成，失败「0」条，详细信息：



------------------------------------------------------
2019-04-23 13:38:26.585
 -> 导入完成，失败「0」条，详细信息：



------------------------------------------------------
2019-04-23 13:39:11.186
 -> 导入完成，失败「0」条，详细信息：



------------------------------------------------------
2019-04-23 13:41:41.333
 -> 导入完成，失败「0」条，详细信息：

