


【09:49:30 510】
System.Reflection.TargetInvocationException: 调用的目标发生了异常。 ---> System.ArgumentNullException: 值不能为 null。
参数名: value
   在 Newtonsoft.Json.JsonConvert.DeserializeObject(String value, Type type, JsonSerializerSettings settings)
   在 Newtonsoft.Json.JsonConvert.DeserializeObject[T](String value, JsonSerializerSettings settings)
   在 Newtonsoft.Json.JsonConvert.DeserializeObject[T](String value)
   在 EHECD.FirePatrolInspection.Service.InspectionRecordService.CreateInspectionRecord(Int32 iClientID, Int64 iDeviceID, String sParamList, String sDesc) 位置 D:\HX\消防系统\lexiao.git\消防巡检\EHECD.FirePatrolInspection.Service\InspectionRecordService.cs:行号 311
   --- 内部异常堆栈跟踪的结尾 ---
   在 System.RuntimeMethodHandle.InvokeMethod(Object target, Object[] arguments, Signature sig, Boolean constructor)
   在 System.Reflection.RuntimeMethodInfo.UnsafeInvokeInternal(Object obj, Object[] parameters, Object[] arguments)
   在 System.Reflection.RuntimeMethodInfo.Invoke(Object obj, BindingFlags invokeAttr, Binder binder, Object[] parameters, CultureInfo culture)
   在 System.Reflection.MethodBase.Invoke(Object obj, Object[] parameters)
   在 EHECD.WebApi.ApiService.Invoke(String name, String jsondata, Object& parameters)


【09:50:13 885】
System.Reflection.TargetInvocationException: 调用的目标发生了异常。 ---> System.ArgumentNullException: 值不能为 null。
参数名: value
   在 Newtonsoft.Json.JsonConvert.DeserializeObject(String value, Type type, JsonSerializerSettings settings)
   在 Newtonsoft.Json.JsonConvert.DeserializeObject[T](String value, JsonSerializerSettings settings)
   在 Newtonsoft.Json.JsonConvert.DeserializeObject[T](String value)
   在 EHECD.FirePatrolInspection.Service.InspectionRecordService.CreateInspectionRecord(Int32 iClientID, Int64 iDeviceID, String sParamList, String sDesc) 位置 D:\HX\消防系统\lexiao.git\消防巡检\EHECD.FirePatrolInspection.Service\InspectionRecordService.cs:行号 311
   --- 内部异常堆栈跟踪的结尾 ---
   在 System.RuntimeMethodHandle.InvokeMethod(Object target, Object[] arguments, Signature sig, Boolean constructor)
   在 System.Reflection.RuntimeMethodInfo.UnsafeInvokeInternal(Object obj, Object[] parameters, Object[] arguments)
   在 System.Reflection.RuntimeMethodInfo.Invoke(Object obj, BindingFlags invokeAttr, Binder binder, Object[] parameters, CultureInfo culture)
   在 System.Reflection.MethodBase.Invoke(Object obj, Object[] parameters)
   在 EHECD.WebApi.ApiService.Invoke(String name, String jsondata, Object& parameters)