


【16:04:16 941】
System.Reflection.TargetInvocationException: 调用的目标发生了异常。 ---> System.NullReferenceException: 未将对象引用设置到对象的实例。
   在 EHECD.FirePatrolInspection.Service.ClientService.SetClientCID(EHECD_CID cid) 位置 D:\HX\消防系统\lexiao.git\消防巡检\EHECD.FirePatrolInspection.Service\ClientService.cs:行号 1006
   --- 内部异常堆栈跟踪的结尾 ---
   在 System.RuntimeMethodHandle.InvokeMethod(Object target, Object[] arguments, Signature sig, Boolean constructor)
   在 System.Reflection.RuntimeMethodInfo.UnsafeInvokeInternal(Object obj, Object[] parameters, Object[] arguments)
   在 System.Reflection.RuntimeMethodInfo.Invoke(Object obj, BindingFlags invokeAttr, Binder binder, Object[] parameters, CultureInfo culture)
   在 System.Reflection.MethodBase.Invoke(Object obj, Object[] parameters)
   在 EHECD.WebApi.ApiService.Invoke(String name, String jsondata, Object& parameters)


【16:07:36 594】
System.Reflection.TargetInvocationException: 调用的目标发生了异常。 ---> System.ArgumentException: 不支持关键字: “select * from ehecd_cid where iclientid”。
   在 System.Data.Common.DbConnectionOptions.ParseInternal(Hashtable parsetable, String connectionString, Boolean buildChain, Hashtable synonyms, Boolean firstKey)
   在 System.Data.Common.DbConnectionOptions..ctor(String connectionString, Hashtable synonyms, Boolean useOdbcRules)
   在 System.Data.SqlClient.SqlConnectionString..ctor(String connectionString)
   在 System.Data.SqlClient.SqlConnectionFactory.CreateConnectionOptions(String connectionString, DbConnectionOptions previous)
   在 System.Data.ProviderBase.DbConnectionFactory.GetConnectionPoolGroup(DbConnectionPoolKey key, DbConnectionPoolGroupOptions poolOptions, DbConnectionOptions& userConnectionOptions)
   在 System.Data.SqlClient.SqlConnection.ConnectionString_Set(DbConnectionPoolKey key)
   在 System.Data.SqlClient.SqlConnection.set_ConnectionString(String value)
   在 EHECD.FirePatrolInspection.DAL.DBHelper.GetConnection(String connString) 位置 D:\HX\消防系统\lexiao.git\消防巡检\EHECD.FirePatrolInspection.DAL\DBHelper.cs:行号 34
   在 EHECD.FirePatrolInspection.DAL.DBHelper.Query[T](String connString, String sql, Object param) 位置 D:\HX\消防系统\lexiao.git\消防巡检\EHECD.FirePatrolInspection.DAL\DBHelper.cs:行号 83
   在 EHECD.FirePatrolInspection.DAL.ClientDao.GetCIDByClientID(String iClientID) 位置 D:\HX\消防系统\lexiao.git\消防巡检\EHECD.FirePatrolInspection.DAL\ClientDao.cs:行号 1233
   在 EHECD.FirePatrolInspection.Service.ClientService.SetClientCID(String iClientID, String cid, Int32 deviceType) 位置 D:\HX\消防系统\lexiao.git\消防巡检\EHECD.FirePatrolInspection.Service\ClientService.cs:行号 1006
   --- 内部异常堆栈跟踪的结尾 ---
   在 System.RuntimeMethodHandle.InvokeMethod(Object target, Object[] arguments, Signature sig, Boolean constructor)
   在 System.Reflection.RuntimeMethodInfo.UnsafeInvokeInternal(Object obj, Object[] parameters, Object[] arguments)
   在 System.Reflection.RuntimeMethodInfo.Invoke(Object obj, BindingFlags invokeAttr, Binder binder, Object[] parameters, CultureInfo culture)
   在 System.Reflection.MethodBase.Invoke(Object obj, Object[] parameters)
   在 EHECD.WebApi.ApiService.Invoke(String name, String jsondata, Object& parameters)